<?xml version="1.0" encoding="UTF-8"?>
<testsuite name="NumbersTest" tests="1" skipped="0" failures="0" errors="0" timestamp="2023-02-08T11:51:10" hostname="DESKTOP-TIOMABU" time="6.489">
  <properties/>
  <testcase name="start" classname="NumbersTest" time="6.489"/>
  <system-out><![CDATA[?[1;31m
Start test 1?[0m
Welcome to Amazing Numbers!

Supported requests:
- enter a natural number to know its properties;
- enter two natural numbers to obtain the properties of the list:
  * the first parameter represents a starting number;
  * the second parameter shows how many consecutive numbers are to be printed;
- two natural numbers and properties to search for;
- a property preceded by minus must not be present in numbers;
- separate the parameters with one space;
- enter 0 to exit.

Enter a request: > 0

Goodbye!
?[1;31m
Start test 2?[0m
Welcome to Amazing Numbers!

Supported requests:
- enter a natural number to know its properties;
- enter two natural numbers to obtain the properties of the list:
  * the first parameter represents a starting number;
  * the second parameter shows how many consecutive numbers are to be printed;
- two natural numbers and properties to search for;
- a property preceded by minus must not be present in numbers;
- separate the parameters with one space;
- enter 0 to exit.

Enter a request: > -78

The first parameter should be a natural number or zero.
Enter a request: > 0

Goodbye!
?[1;31m
Start test 3?[0m
Welcome to Amazing Numbers!

Supported requests:
- enter a natural number to know its properties;
- enter two natural numbers to obtain the properties of the list:
  * the first parameter represents a starting number;
  * the second parameter shows how many consecutive numbers are to be printed;
- two natural numbers and properties to search for;
- a property preceded by minus must not be present in numbers;
- separate the parameters with one space;
- enter 0 to exit.

Enter a request: > -116

The first parameter should be a natural number or zero.
Enter a request: > 0

Goodbye!
?[1;31m
Start test 4?[0m
Welcome to Amazing Numbers!

Supported requests:
- enter a natural number to know its properties;
- enter two natural numbers to obtain the properties of the list:
  * the first parameter represents a starting number;
  * the second parameter shows how many consecutive numbers are to be printed;
- two natural numbers and properties to search for;
- a property preceded by minus must not be present in numbers;
- separate the parameters with one space;
- enter 0 to exit.

Enter a request: > -121

The first parameter should be a natural number or zero.
Enter a request: > 0

Goodbye!
?[1;31m
Start test 5?[0m
Welcome to Amazing Numbers!

Supported requests:
- enter a natural number to know its properties;
- enter two natural numbers to obtain the properties of the list:
  * the first parameter represents a starting number;
  * the second parameter shows how many consecutive numbers are to be printed;
- two natural numbers and properties to search for;
- a property preceded by minus must not be present in numbers;
- separate the parameters with one space;
- enter 0 to exit.

Enter a request: > -83

The first parameter should be a natural number or zero.
Enter a request: > 0

Goodbye!
?[1;31m
Start test 6?[0m
Welcome to Amazing Numbers!

Supported requests:
- enter a natural number to know its properties;
- enter two natural numbers to obtain the properties of the list:
  * the first parameter represents a starting number;
  * the second parameter shows how many consecutive numbers are to be printed;
- two natural numbers and properties to search for;
- a property preceded by minus must not be present in numbers;
- separate the parameters with one space;
- enter 0 to exit.

Enter a request: > -47

The first parameter should be a natural number or zero.
Enter a request: > 0

Goodbye!
?[1;31m
Start test 7?[0m
Welcome to Amazing Numbers!

Supported requests:
- enter a natural number to know its properties;
- enter two natural numbers to obtain the properties of the list:
  * the first parameter represents a starting number;
  * the second parameter shows how many consecutive numbers are to be printed;
- two natural numbers and properties to search for;
- a property preceded by minus must not be present in numbers;
- separate the parameters with one space;
- enter 0 to exit.

Enter a request: > 1599 -10930
The second parameter should be a natural number.
Enter a request: > 0

Goodbye!
?[1;31m
Start test 8?[0m
Welcome to Amazing Numbers!

Supported requests:
- enter a natural number to know its properties;
- enter two natural numbers to obtain the properties of the list:
  * the first parameter represents a starting number;
  * the second parameter shows how many consecutive numbers are to be printed;
- two natural numbers and properties to search for;
- a property preceded by minus must not be present in numbers;
- separate the parameters with one space;
- enter 0 to exit.

Enter a request: > 16356 -17610
The second parameter should be a natural number.
Enter a request: > 0

Goodbye!
?[1;31m
Start test 9?[0m
Welcome to Amazing Numbers!

Supported requests:
- enter a natural number to know its properties;
- enter two natural numbers to obtain the properties of the list:
  * the first parameter represents a starting number;
  * the second parameter shows how many consecutive numbers are to be printed;
- two natural numbers and properties to search for;
- a property preceded by minus must not be present in numbers;
- separate the parameters with one space;
- enter 0 to exit.

Enter a request: > 22129 -5648
The second parameter should be a natural number.
Enter a request: > 0

Goodbye!
?[1;31m
Start test 10?[0m
Welcome to Amazing Numbers!

Supported requests:
- enter a natural number to know its properties;
- enter two natural numbers to obtain the properties of the list:
  * the first parameter represents a starting number;
  * the second parameter shows how many consecutive numbers are to be printed;
- two natural numbers and properties to search for;
- a property preceded by minus must not be present in numbers;
- separate the parameters with one space;
- enter 0 to exit.

Enter a request: > 21653 -18893
The second parameter should be a natural number.
Enter a request: > 0

Goodbye!
?[1;31m
Start test 11?[0m
Welcome to Amazing Numbers!

Supported requests:
- enter a natural number to know its properties;
- enter two natural numbers to obtain the properties of the list:
  * the first parameter represents a starting number;
  * the second parameter shows how many consecutive numbers are to be printed;
- two natural numbers and properties to search for;
- a property preceded by minus must not be present in numbers;
- separate the parameters with one space;
- enter 0 to exit.

Enter a request: > 13490 -24860
The second parameter should be a natural number.
Enter a request: > 0

Goodbye!
?[1;31m
Start test 12?[0m
Welcome to Amazing Numbers!

Supported requests:
- enter a natural number to know its properties;
- enter two natural numbers to obtain the properties of the list:
  * the first parameter represents a starting number;
  * the second parameter shows how many consecutive numbers are to be printed;
- two natural numbers and properties to search for;
- a property preceded by minus must not be present in numbers;
- separate the parameters with one space;
- enter 0 to exit.

Enter a request: > 15556 -9092
The second parameter should be a natural number.
Enter a request: > 0

Goodbye!
?[1;31m
Start test 13?[0m
Welcome to Amazing Numbers!

Supported requests:
- enter a natural number to know its properties;
- enter two natural numbers to obtain the properties of the list:
  * the first parameter represents a starting number;
  * the second parameter shows how many consecutive numbers are to be printed;
- two natural numbers and properties to search for;
- a property preceded by minus must not be present in numbers;
- separate the parameters with one space;
- enter 0 to exit.

Enter a request: > 25173 -4872
The second parameter should be a natural number.
Enter a request: > 0

Goodbye!
?[1;31m
Start test 14?[0m
Welcome to Amazing Numbers!

Supported requests:
- enter a natural number to know its properties;
- enter two natural numbers to obtain the properties of the list:
  * the first parameter represents a starting number;
  * the second parameter shows how many consecutive numbers are to be printed;
- two natural numbers and properties to search for;
- a property preceded by minus must not be present in numbers;
- separate the parameters with one space;
- enter 0 to exit.

Enter a request: > 12705 -32189
The second parameter should be a natural number.
Enter a request: > 0

Goodbye!
?[1;31m
Start test 15?[0m
Welcome to Amazing Numbers!

Supported requests:
- enter a natural number to know its properties;
- enter two natural numbers to obtain the properties of the list:
  * the first parameter represents a starting number;
  * the second parameter shows how many consecutive numbers are to be printed;
- two natural numbers and properties to search for;
- a property preceded by minus must not be present in numbers;
- separate the parameters with one space;
- enter 0 to exit.

Enter a request: > 18912 -2345
The second parameter should be a natural number.
Enter a request: > 0

Goodbye!
?[1;31m
Start test 16?[0m
Welcome to Amazing Numbers!

Supported requests:
- enter a natural number to know its properties;
- enter two natural numbers to obtain the properties of the list:
  * the first parameter represents a starting number;
  * the second parameter shows how many consecutive numbers are to be printed;
- two natural numbers and properties to search for;
- a property preceded by minus must not be present in numbers;
- separate the parameters with one space;
- enter 0 to exit.

Enter a request: > 4219 -24385
The second parameter should be a natural number.
Enter a request: > 0

Goodbye!
?[1;31m
Start test 17?[0m
Welcome to Amazing Numbers!

Supported requests:
- enter a natural number to know its properties;
- enter two natural numbers to obtain the properties of the list:
  * the first parameter represents a starting number;
  * the second parameter shows how many consecutive numbers are to be printed;
- two natural numbers and properties to search for;
- a property preceded by minus must not be present in numbers;
- separate the parameters with one space;
- enter 0 to exit.

Enter a request: > 1

Properties of 1
even: false
odd: true
buzz: false
duck: false
palindromic: true
gapful: false
spy: true
square: true
sunny: false
jumping: true
happy: true
sad: false

Enter a request: > 2

Properties of 2
even: true
odd: false
buzz: false
duck: false
palindromic: true
gapful: false
spy: true
square: false
sunny: false
jumping: true
happy: false
sad: true

Enter a request: > 3

Properties of 3
even: false
odd: true
buzz: false
duck: false
palindromic: true
gapful: false
spy: true
square: false
sunny: true
jumping: true
happy: false
sad: true

Enter a request: > 4

Properties of 4
even: true
odd: false
buzz: false
duck: false
palindromic: true
gapful: false
spy: true
square: true
sunny: false
jumping: true
happy: false
sad: true

Enter a request: > 5

Properties of 5
even: false
odd: true
buzz: false
duck: false
palindromic: true
gapful: false
spy: true
square: false
sunny: false
jumping: true
happy: false
sad: true

Enter a request: > 6

Properties of 6
even: true
odd: false
buzz: false
duck: false
palindromic: true
gapful: false
spy: true
square: false
sunny: false
jumping: true
happy: false
sad: true

Enter a request: > 7

Properties of 7
even: false
odd: true
buzz: true
duck: false
palindromic: true
gapful: false
spy: true
square: false
sunny: false
jumping: true
happy: true
sad: false

Enter a request: > 8

Properties of 8
even: true
odd: false
buzz: false
duck: false
palindromic: true
gapful: false
spy: true
square: false
sunny: true
jumping: true
happy: false
sad: true

Enter a request: > 9

Properties of 9
even: false
odd: true
buzz: false
duck: false
palindromic: true
gapful: false
spy: true
square: true
sunny: false
jumping: true
happy: false
sad: true

Enter a request: > 10

Properties of 10
even: true
odd: false
buzz: false
duck: true
palindromic: false
gapful: false
spy: false
square: false
sunny: false
jumping: true
happy: true
sad: false

Enter a request: > 11

Properties of 11
even: false
odd: true
buzz: false
duck: false
palindromic: true
gapful: false
spy: false
square: false
sunny: false
jumping: false
happy: false
sad: true

Enter a request: > 12

Properties of 12
even: true
odd: false
buzz: false
duck: false
palindromic: false
gapful: false
spy: false
square: false
sunny: false
jumping: true
happy: false
sad: true

Enter a request: > 13

Properties of 13
even: false
odd: true
buzz: false
duck: false
palindromic: false
gapful: false
spy: false
square: false
sunny: false
jumping: false
happy: true
sad: false

Enter a request: > 14

Properties of 14
even: true
odd: false
buzz: true
duck: false
palindromic: false
gapful: false
spy: false
square: false
sunny: false
jumping: false
happy: false
sad: true

Enter a request: > 4261117173810614974

Properties of 4,261,117,173,810,614,974
even: true
odd: false
buzz: false
duck: true
palindromic: false
gapful: false
spy: false
square: false
sunny: false
jumping: false
happy: false
sad: true

Enter a request: > 586888085587927321

Properties of 586,888,085,587,927,321
even: false
odd: true
buzz: false
duck: true
palindromic: false
gapful: false
spy: false
square: false
sunny: false
jumping: false
happy: false
sad: true

Enter a request: > 6673967726688182016

Properties of 6,673,967,726,688,182,016
even: true
odd: false
buzz: false
duck: true
palindromic: false
gapful: false
spy: false
square: false
sunny: false
jumping: false
happy: true
sad: false

Enter a request: > 394682999851870999

Properties of 394,682,999,851,870,999
even: false
odd: true
buzz: false
duck: true
palindromic: false
gapful: false
spy: false
square: false
sunny: false
jumping: false
happy: true
sad: false

Enter a request: > 6958551585122417677

Properties of 6,958,551,585,122,417,677
even: false
odd: true
buzz: true
duck: false
palindromic: false
gapful: false
spy: false
square: false
sunny: false
jumping: false
happy: false
sad: true

Enter a request: > 4491050056264585025

Properties of 4,491,050,056,264,585,025
even: false
odd: true
buzz: false
duck: true
palindromic: false
gapful: false
spy: false
square: false
sunny: false
jumping: false
happy: false
sad: true

Enter a request: > 1409490107322565863

Properties of 1,409,490,107,322,565,863
even: false
odd: true
buzz: true
duck: true
palindromic: false
gapful: false
spy: false
square: false
sunny: false
jumping: false
happy: false
sad: true

Enter a request: > 9027004631842259254

Properties of 9,027,004,631,842,259,254
even: true
odd: false
buzz: false
duck: true
palindromic: false
gapful: false
spy: false
square: false
sunny: false
jumping: false
happy: false
sad: true

Enter a request: > 281711915853940323

Properties of 281,711,915,853,940,323
even: false
odd: true
buzz: false
duck: true
palindromic: false
gapful: false
spy: false
square: false
sunny: false
jumping: false
happy: false
sad: true

Enter a request: > 1469832973902726191

Properties of 1,469,832,973,902,726,191
even: false
odd: true
buzz: false
duck: true
palindromic: false
gapful: true
spy: false
square: false
sunny: false
jumping: false
happy: false
sad: true

Enter a request: > 0

Goodbye!
?[1;31m
Start test 18?[0m
Welcome to Amazing Numbers!

Supported requests:
- enter a natural number to know its properties;
- enter two natural numbers to obtain the properties of the list:
  * the first parameter represents a starting number;
  * the second parameter shows how many consecutive numbers are to be printed;
- two natural numbers and properties to search for;
- a property preceded by minus must not be present in numbers;
- separate the parameters with one space;
- enter 0 to exit.

Enter a request: > 1 15

1 is odd, palindromic, spy, square, jumping, happy
2 is even, palindromic, spy, jumping, sad
3 is odd, palindromic, spy, sunny, jumping, sad
4 is even, palindromic, spy, square, jumping, sad
5 is odd, palindromic, spy, jumping, sad
6 is even, palindromic, spy, jumping, sad
7 is odd, buzz, palindromic, spy, jumping, happy
8 is even, palindromic, spy, sunny, jumping, sad
9 is odd, palindromic, spy, square, jumping, sad
10 is even, duck, jumping, happy
11 is odd, palindromic, sad
12 is even, jumping, sad
13 is odd, happy
14 is even, buzz, sad
15 is odd, sunny, sad

Enter a request: > 0

Goodbye!
?[1;31m
Start test 19?[0m
Welcome to Amazing Numbers!

Supported requests:
- enter a natural number to know its properties;
- enter two natural numbers to obtain the properties of the list:
  * the first parameter represents a starting number;
  * the second parameter shows how many consecutive numbers are to be printed;
- two natural numbers and properties to search for;
- a property preceded by minus must not be present in numbers;
- separate the parameters with one space;
- enter 0 to exit.

Enter a request: > 852712915797131831 11

852712915797131831 is odd, sad
852712915797131832 is even, sad
852712915797131833 is odd, gapful, sad
852712915797131834 is even, sad
852712915797131835 is odd, sad
852712915797131836 is even, sad
852712915797131837 is odd, buzz, happy
852712915797131838 is even, sad
852712915797131839 is odd, sad
852712915797131840 is even, duck, gapful, sad
852712915797131841 is odd, sad

Enter a request: > 0

Goodbye!
?[1;31m
Start test 20?[0m
Welcome to Amazing Numbers!

Supported requests:
- enter a natural number to know its properties;
- enter two natural numbers to obtain the properties of the list:
  * the first parameter represents a starting number;
  * the second parameter shows how many consecutive numbers are to be printed;
- two natural numbers and properties to search for;
- a property preceded by minus must not be present in numbers;
- separate the parameters with one space;
- enter 0 to exit.

Enter a request: > 4126393605421198890 18

4126393605421198890 is even, duck, sad
4126393605421198891 is odd, duck, sad
4126393605421198892 is even, duck, sad
4126393605421198893 is odd, duck, sad
4126393605421198894 is even, duck, sad
4126393605421198895 is odd, duck, buzz, sad
4126393605421198896 is even, duck, happy
4126393605421198897 is odd, duck, buzz, sad
4126393605421198898 is even, duck, sad
4126393605421198899 is odd, duck, sad
4126393605421198900 is even, duck, sad
4126393605421198901 is odd, duck, sad
4126393605421198902 is even, duck, buzz, gapful, happy
4126393605421198903 is odd, duck, sad
4126393605421198904 is even, duck, sad
4126393605421198905 is odd, duck, happy
4126393605421198906 is even, duck, sad
4126393605421198907 is odd, duck, buzz, sad

Enter a request: > 0

Goodbye!
?[1;31m
Start test 21?[0m
Welcome to Amazing Numbers!

Supported requests:
- enter a natural number to know its properties;
- enter two natural numbers to obtain the properties of the list:
  * the first parameter represents a starting number;
  * the second parameter shows how many consecutive numbers are to be printed;
- two natural numbers and properties to search for;
- a property preceded by minus must not be present in numbers;
- separate the parameters with one space;
- enter 0 to exit.

Enter a request: > 2544973893885295951 16

2544973893885295951 is odd, sad
2544973893885295952 is even, sad
2544973893885295953 is odd, sad
2544973893885295954 is even, happy
2544973893885295955 is odd, happy
2544973893885295956 is even, sad
2544973893885295957 is odd, buzz, sad
2544973893885295958 is even, sad
2544973893885295959 is odd, sad
2544973893885295960 is even, duck, gapful, sad
2544973893885295961 is odd, sad
2544973893885295962 is even, sad
2544973893885295963 is odd, sad
2544973893885295964 is even, buzz, sad
2544973893885295965 is odd, sad
2544973893885295966 is even, sad

Enter a request: > 0

Goodbye!
?[1;31m
Start test 22?[0m
Welcome to Amazing Numbers!

Supported requests:
- enter a natural number to know its properties;
- enter two natural numbers to obtain the properties of the list:
  * the first parameter represents a starting number;
  * the second parameter shows how many consecutive numbers are to be printed;
- two natural numbers and properties to search for;
- a property preceded by minus must not be present in numbers;
- separate the parameters with one space;
- enter 0 to exit.

Enter a request: > 8010174697490802297 15

8010174697490802297 is odd, duck, buzz, sad
8010174697490802298 is even, duck, buzz, sad
8010174697490802299 is odd, duck, sad
8010174697490802300 is even, duck, sad
8010174697490802301 is odd, duck, sad
8010174697490802302 is even, duck, sad
8010174697490802303 is odd, duck, sad
8010174697490802304 is even, duck, happy
8010174697490802305 is odd, duck, buzz, gapful, happy
8010174697490802306 is even, duck, sad
8010174697490802307 is odd, duck, buzz, sad
8010174697490802308 is even, duck, sad
8010174697490802309 is odd, duck, sad
8010174697490802310 is even, duck, sad
8010174697490802311 is odd, duck, sad

Enter a request: > 0

Goodbye!
?[1;31m
Start test 23?[0m
Welcome to Amazing Numbers!

Supported requests:
- enter a natural number to know its properties;
- enter two natural numbers to obtain the properties of the list:
  * the first parameter represents a starting number;
  * the second parameter shows how many consecutive numbers are to be printed;
- two natural numbers and properties to search for;
- a property preceded by minus must not be present in numbers;
- separate the parameters with one space;
- enter 0 to exit.

Enter a request: > 5838757892160824607 10

5838757892160824607 is odd, duck, buzz, sad
5838757892160824608 is even, duck, happy
5838757892160824609 is odd, duck, sad
5838757892160824610 is even, duck, buzz, sad
5838757892160824611 is odd, duck, sad
5838757892160824612 is even, duck, sad
5838757892160824613 is odd, duck, sad
5838757892160824614 is even, duck, happy
5838757892160824615 is odd, duck, happy
5838757892160824616 is even, duck, sad

Enter a request: > 0

Goodbye!
?[1;31m
Start test 24?[0m
Welcome to Amazing Numbers!

Supported requests:
- enter a natural number to know its properties;
- enter two natural numbers to obtain the properties of the list:
  * the first parameter represents a starting number;
  * the second parameter shows how many consecutive numbers are to be printed;
- two natural numbers and properties to search for;
- a property preceded by minus must not be present in numbers;
- separate the parameters with one space;
- enter 0 to exit.

Enter a request: > 3098099006435398537 14

3098099006435398537 is odd, duck, buzz, sad
3098099006435398538 is even, duck, sad
3098099006435398539 is odd, duck, buzz, happy
3098099006435398540 is even, duck, sad
3098099006435398541 is odd, duck, sad
3098099006435398542 is even, duck, sad
3098099006435398543 is odd, duck, sad
3098099006435398544 is even, duck, sad
3098099006435398545 is odd, duck, happy
3098099006435398546 is even, duck, buzz, sad
3098099006435398547 is odd, duck, buzz, sad
3098099006435398548 is even, duck, sad
3098099006435398549 is odd, duck, sad
3098099006435398550 is even, duck, sad

Enter a request: > 0

Goodbye!
?[1;31m
Start test 25?[0m
Welcome to Amazing Numbers!

Supported requests:
- enter a natural number to know its properties;
- enter two natural numbers to obtain the properties of the list:
  * the first parameter represents a starting number;
  * the second parameter shows how many consecutive numbers are to be printed;
- two natural numbers and properties to search for;
- a property preceded by minus must not be present in numbers;
- separate the parameters with one space;
- enter 0 to exit.

Enter a request: > 3012754723413118718 2

3012754723413118718 is even, duck, sad
3012754723413118719 is odd, duck, buzz, sad

Enter a request: > 0

Goodbye!
?[1;31m
Start test 26?[0m
Welcome to Amazing Numbers!

Supported requests:
- enter a natural number to know its properties;
- enter two natural numbers to obtain the properties of the list:
  * the first parameter represents a starting number;
  * the second parameter shows how many consecutive numbers are to be printed;
- two natural numbers and properties to search for;
- a property preceded by minus must not be present in numbers;
- separate the parameters with one space;
- enter 0 to exit.

Enter a request: > 576793763446487880 13

576793763446487880 is even, duck, sad
576793763446487881 is odd, buzz, sad
576793763446487882 is even, sad
576793763446487883 is odd, sad
576793763446487884 is even, sad
576793763446487885 is odd, sad
576793763446487886 is even, sad
576793763446487887 is odd, buzz, sad
576793763446487888 is even, buzz, sad
576793763446487889 is odd, sad
576793763446487890 is even, duck, sad
576793763446487891 is odd, sad
576793763446487892 is even, sad

Enter a request: > 0

Goodbye!
?[1;31m
Start test 27?[0m
Welcome to Amazing Numbers!

Supported requests:
- enter a natural number to know its properties;
- enter two natural numbers to obtain the properties of the list:
  * the first parameter represents a starting number;
  * the second parameter shows how many consecutive numbers are to be printed;
- two natural numbers and properties to search for;
- a property preceded by minus must not be present in numbers;
- separate the parameters with one space;
- enter 0 to exit.

Enter a request: > 1788269133120198321 2

1788269133120198321 is odd, duck, sad
1788269133120198322 is even, duck, sad

Enter a request: > 0

Goodbye!
?[1;31m
Start test 28?[0m
Welcome to Amazing Numbers!

Supported requests:
- enter a natural number to know its properties;
- enter two natural numbers to obtain the properties of the list:
  * the first parameter represents a starting number;
  * the second parameter shows how many consecutive numbers are to be printed;
- two natural numbers and properties to search for;
- a property preceded by minus must not be present in numbers;
- separate the parameters with one space;
- enter 0 to exit.

Enter a request: > 5574137080226801266 13

5574137080226801266 is even, duck, sad
5574137080226801267 is odd, duck, buzz, sad
5574137080226801268 is even, duck, buzz, sad
5574137080226801269 is odd, duck, sad
5574137080226801270 is even, duck, sad
5574137080226801271 is odd, duck, sad
5574137080226801272 is even, duck, happy
5574137080226801273 is odd, duck, happy
5574137080226801274 is even, duck, sad
5574137080226801275 is odd, duck, buzz, sad
5574137080226801276 is even, duck, sad
5574137080226801277 is odd, duck, buzz, sad
5574137080226801278 is even, duck, happy

Enter a request: > 0

Goodbye!
?[1;31m
Start test 29?[0m
Welcome to Amazing Numbers!

Supported requests:
- enter a natural number to know its properties;
- enter two natural numbers to obtain the properties of the list:
  * the first parameter represents a starting number;
  * the second parameter shows how many consecutive numbers are to be printed;
- two natural numbers and properties to search for;
- a property preceded by minus must not be present in numbers;
- separate the parameters with one space;
- enter 0 to exit.

Enter a request: > 1 10 May

The property [MAY ] is wrong.
Available properties: [BUZZ, DUCK, PALINDROMIC, GAPFUL, SPY, SQUARE, SUNNY, EVEN, ODD, JUMPING, HAPPY, SAD]

Enter a request: > 0

Goodbye!
?[1;31m
Start test 30?[0m
Welcome to Amazing Numbers!

Supported requests:
- enter a natural number to know its properties;
- enter two natural numbers to obtain the properties of the list:
  * the first parameter represents a starting number;
  * the second parameter shows how many consecutive numbers are to be printed;
- two natural numbers and properties to search for;
- a property preceded by minus must not be present in numbers;
- separate the parameters with one space;
- enter 0 to exit.

Enter a request: > 40 2 bay

The property [BAY ] is wrong.
Available properties: [BUZZ, DUCK, PALINDROMIC, GAPFUL, SPY, SQUARE, SUNNY, EVEN, ODD, JUMPING, HAPPY, SAD]

Enter a request: > 0

Goodbye!
?[1;31m
Start test 31?[0m
Welcome to Amazing Numbers!

Supported requests:
- enter a natural number to know its properties;
- enter two natural numbers to obtain the properties of the list:
  * the first parameter represents a starting number;
  * the second parameter shows how many consecutive numbers are to be printed;
- two natural numbers and properties to search for;
- a property preceded by minus must not be present in numbers;
- separate the parameters with one space;
- enter 0 to exit.

Enter a request: > 37 4 8

The property [8 ] is wrong.
Available properties: [BUZZ, DUCK, PALINDROMIC, GAPFUL, SPY, SQUARE, SUNNY, EVEN, ODD, JUMPING, HAPPY, SAD]

Enter a request: > 0

Goodbye!
?[1;31m
Start test 32?[0m
Welcome to Amazing Numbers!

Supported requests:
- enter a natural number to know its properties;
- enter two natural numbers to obtain the properties of the list:
  * the first parameter represents a starting number;
  * the second parameter shows how many consecutive numbers are to be printed;
- two natural numbers and properties to search for;
- a property preceded by minus must not be present in numbers;
- separate the parameters with one space;
- enter 0 to exit.

Enter a request: > 67 2 day

The property [DAY ] is wrong.
Available properties: [BUZZ, DUCK, PALINDROMIC, GAPFUL, SPY, SQUARE, SUNNY, EVEN, ODD, JUMPING, HAPPY, SAD]

Enter a request: > 0

Goodbye!
?[1;31m
Start test 33?[0m
Welcome to Amazing Numbers!

Supported requests:
- enter a natural number to know its properties;
- enter two natural numbers to obtain the properties of the list:
  * the first parameter represents a starting number;
  * the second parameter shows how many consecutive numbers are to be printed;
- two natural numbers and properties to search for;
- a property preceded by minus must not be present in numbers;
- separate the parameters with one space;
- enter 0 to exit.

Enter a request: > 2 54 Prime

The property [PRIME ] is wrong.
Available properties: [BUZZ, DUCK, PALINDROMIC, GAPFUL, SPY, SQUARE, SUNNY, EVEN, ODD, JUMPING, HAPPY, SAD]

Enter a request: > 0

Goodbye!
?[1;31m
Start test 34?[0m
Welcome to Amazing Numbers!

Supported requests:
- enter a natural number to know its properties;
- enter two natural numbers to obtain the properties of the list:
  * the first parameter represents a starting number;
  * the second parameter shows how many consecutive numbers are to be printed;
- two natural numbers and properties to search for;
- a property preceded by minus must not be present in numbers;
- separate the parameters with one space;
- enter 0 to exit.

Enter a request: > 6 8 ...

The property [... ] is wrong.
Available properties: [BUZZ, DUCK, PALINDROMIC, GAPFUL, SPY, SQUARE, SUNNY, EVEN, ODD, JUMPING, HAPPY, SAD]

Enter a request: > 0

Goodbye!
?[1;31m
Start test 35?[0m
Welcome to Amazing Numbers!

Supported requests:
- enter a natural number to know its properties;
- enter two natural numbers to obtain the properties of the list:
  * the first parameter represents a starting number;
  * the second parameter shows how many consecutive numbers are to be printed;
- two natural numbers and properties to search for;
- a property preceded by minus must not be present in numbers;
- separate the parameters with one space;
- enter 0 to exit.

Enter a request: > 5 9 none

The property [NONE ] is wrong.
Available properties: [BUZZ, DUCK, PALINDROMIC, GAPFUL, SPY, SQUARE, SUNNY, EVEN, ODD, JUMPING, HAPPY, SAD]

Enter a request: > 0

Goodbye!
?[1;31m
Start test 36?[0m
Welcome to Amazing Numbers!

Supported requests:
- enter a natural number to know its properties;
- enter two natural numbers to obtain the properties of the list:
  * the first parameter represents a starting number;
  * the second parameter shows how many consecutive numbers are to be printed;
- two natural numbers and properties to search for;
- a property preceded by minus must not be present in numbers;
- separate the parameters with one space;
- enter 0 to exit.

Enter a request: > 1 10 EVEN

2 is even, palindromic, spy, jumping, sad
4 is even, palindromic, spy, square, jumping, sad
6 is even, palindromic, spy, jumping, sad
8 is even, palindromic, spy, sunny, jumping, sad
10 is even, duck, jumping, happy
12 is even, jumping, sad
14 is even, buzz, sad
16 is even, square, sad
18 is even, sad
20 is even, duck, sad

Enter a request: > 1 10 ODD

1 is odd, palindromic, spy, square, jumping, happy
3 is odd, palindromic, spy, sunny, jumping, sad
5 is odd, palindromic, spy, jumping, sad
7 is odd, buzz, palindromic, spy, jumping, happy
9 is odd, palindromic, spy, square, jumping, sad
11 is odd, palindromic, sad
13 is odd, happy
15 is odd, sunny, sad
17 is odd, buzz, sad
19 is odd, happy

Enter a request: > 1 10 BUZZ

7 is odd, buzz, palindromic, spy, jumping, happy
14 is even, buzz, sad
17 is odd, buzz, sad
21 is odd, buzz, jumping, sad
27 is odd, buzz, sad
28 is even, buzz, happy
35 is odd, buzz, sunny, sad
37 is odd, buzz, sad
42 is even, buzz, sad
47 is odd, buzz, sad

Enter a request: > 1 10 DUCK

10 is even, duck, jumping, happy
20 is even, duck, sad
30 is even, duck, sad
40 is even, duck, sad
50 is even, duck, sad
60 is even, duck, sad
70 is even, duck, buzz, happy
80 is even, duck, sunny, sad
90 is even, duck, sad
100 is even, duck, gapful, square, happy

Enter a request: > 1 10 PALINDROMIC

1 is odd, palindromic, spy, square, jumping, happy
2 is even, palindromic, spy, jumping, sad
3 is odd, palindromic, spy, sunny, jumping, sad
4 is even, palindromic, spy, square, jumping, sad
5 is odd, palindromic, spy, jumping, sad
6 is even, palindromic, spy, jumping, sad
7 is odd, buzz, palindromic, spy, jumping, happy
8 is even, palindromic, spy, sunny, jumping, sad
9 is odd, palindromic, spy, square, jumping, sad
11 is odd, palindromic, sad

Enter a request: > 1 10 GAPFUL

100 is even, duck, gapful, square, happy
105 is odd, duck, buzz, gapful, sad
108 is even, duck, gapful, sad
110 is even, duck, gapful, sad
120 is even, duck, gapful, sunny, sad
121 is odd, palindromic, gapful, square, jumping, sad
130 is even, duck, gapful, happy
132 is even, gapful, spy, sad
135 is odd, gapful, sad
140 is even, duck, buzz, gapful, sad

Enter a request: > 1 10 SPY

1 is odd, palindromic, spy, square, jumping, happy
2 is even, palindromic, spy, jumping, sad
3 is odd, palindromic, spy, sunny, jumping, sad
4 is even, palindromic, spy, square, jumping, sad
5 is odd, palindromic, spy, jumping, sad
6 is even, palindromic, spy, jumping, sad
7 is odd, buzz, palindromic, spy, jumping, happy
8 is even, palindromic, spy, sunny, jumping, sad
9 is odd, palindromic, spy, square, jumping, sad
22 is even, palindromic, spy, sad

Enter a request: > 1 10 SQUARE

1 is odd, palindromic, spy, square, jumping, happy
4 is even, palindromic, spy, square, jumping, sad
9 is odd, palindromic, spy, square, jumping, sad
16 is even, square, sad
25 is odd, square, sad
36 is even, square, sad
49 is odd, buzz, square, happy
64 is even, square, sad
81 is odd, square, sad
100 is even, duck, gapful, square, happy

Enter a request: > 1 10 SUNNY

3 is odd, palindromic, spy, sunny, jumping, sad
8 is even, palindromic, spy, sunny, jumping, sad
15 is odd, sunny, sad
24 is even, sunny, sad
35 is odd, buzz, sunny, sad
48 is even, sunny, sad
63 is odd, buzz, sunny, sad
80 is even, duck, sunny, sad
99 is odd, palindromic, sunny, sad
120 is even, duck, gapful, sunny, sad

Enter a request: > 1 10 JUMPING

1 is odd, palindromic, spy, square, jumping, happy
2 is even, palindromic, spy, jumping, sad
3 is odd, palindromic, spy, sunny, jumping, sad
4 is even, palindromic, spy, square, jumping, sad
5 is odd, palindromic, spy, jumping, sad
6 is even, palindromic, spy, jumping, sad
7 is odd, buzz, palindromic, spy, jumping, happy
8 is even, palindromic, spy, sunny, jumping, sad
9 is odd, palindromic, spy, square, jumping, sad
10 is even, duck, jumping, happy

Enter a request: > 1 10 HAPPY

1 is odd, palindromic, spy, square, jumping, happy
7 is odd, buzz, palindromic, spy, jumping, happy
10 is even, duck, jumping, happy
13 is odd, happy
19 is odd, happy
23 is odd, jumping, happy
28 is even, buzz, happy
31 is odd, happy
32 is even, jumping, happy
44 is even, palindromic, happy

Enter a request: > 1 10 SAD

2 is even, palindromic, spy, jumping, sad
3 is odd, palindromic, spy, sunny, jumping, sad
4 is even, palindromic, spy, square, jumping, sad
5 is odd, palindromic, spy, jumping, sad
6 is even, palindromic, spy, jumping, sad
8 is even, palindromic, spy, sunny, jumping, sad
9 is odd, palindromic, spy, square, jumping, sad
11 is odd, palindromic, sad
12 is even, jumping, sad
14 is even, buzz, sad

Enter a request: > 0

Goodbye!
?[1;31m
Start test 37?[0m
Welcome to Amazing Numbers!

Supported requests:
- enter a natural number to know its properties;
- enter two natural numbers to obtain the properties of the list:
  * the first parameter represents a starting number;
  * the second parameter shows how many consecutive numbers are to be printed;
- two natural numbers and properties to search for;
- a property preceded by minus must not be present in numbers;
- separate the parameters with one space;
- enter 0 to exit.

Enter a request: > 26225 13 DUCK

26230 is even, duck, sad
26240 is even, duck, gapful, sad
26250 is even, duck, buzz, sad
26260 is even, duck, gapful, sad
26270 is even, duck, sad
26280 is even, duck, gapful, sad
26290 is even, duck, sad
26300 is even, duck, gapful, happy
26301 is odd, duck, sad
26302 is even, duck, sad
26303 is odd, duck, sad
26304 is even, duck, gapful, sad
26305 is odd, duck, sad

Enter a request: > 0

Goodbye!
?[1;31m
Start test 38?[0m
Welcome to Amazing Numbers!

Supported requests:
- enter a natural number to know its properties;
- enter two natural numbers to obtain the properties of the list:
  * the first parameter represents a starting number;
  * the second parameter shows how many consecutive numbers are to be printed;
- two natural numbers and properties to search for;
- a property preceded by minus must not be present in numbers;
- separate the parameters with one space;
- enter 0 to exit.

Enter a request: > 18173 12 GAPFUL

18176 is even, gapful, sad
18180 is even, duck, gapful, happy
18190 is even, duck, gapful, sad
18192 is even, gapful, sad
18195 is odd, gapful, sad
18198 is even, gapful, sad
18200 is even, duck, buzz, gapful, sad
18207 is odd, duck, buzz, gapful, sad
18210 is even, duck, gapful, happy
18213 is odd, gapful, happy
18214 is even, buzz, gapful, happy
18220 is even, duck, gapful, sad

Enter a request: > 0

Goodbye!
?[1;31m
Start test 39?[0m
Welcome to Amazing Numbers!

Supported requests:
- enter a natural number to know its properties;
- enter two natural numbers to obtain the properties of the list:
  * the first parameter represents a starting number;
  * the second parameter shows how many consecutive numbers are to be printed;
- two natural numbers and properties to search for;
- a property preceded by minus must not be present in numbers;
- separate the parameters with one space;
- enter 0 to exit.

Enter a request: > 15487 10 PALINDROMIC

15551 is odd, palindromic, sad
15651 is odd, palindromic, sad
15751 is odd, palindromic, sad
15851 is odd, palindromic, gapful, sad
15951 is odd, palindromic, happy
16061 is odd, duck, palindromic, sad
16161 is odd, palindromic, sad
16261 is odd, buzz, palindromic, sad
16361 is odd, palindromic, sad
16461 is odd, palindromic, sad

Enter a request: > 0

Goodbye!
?[1;31m
Start test 40?[0m
Welcome to Amazing Numbers!

Supported requests:
- enter a natural number to know its properties;
- enter two natural numbers to obtain the properties of the list:
  * the first parameter represents a starting number;
  * the second parameter shows how many consecutive numbers are to be printed;
- two natural numbers and properties to search for;
- a property preceded by minus must not be present in numbers;
- separate the parameters with one space;
- enter 0 to exit.

Enter a request: > 25036 14 EVEN

25036 is even, duck, sad
25038 is even, duck, sad
25040 is even, duck, gapful, sad
25042 is even, duck, happy
25044 is even, duck, sad
25046 is even, duck, buzz, sad
25048 is even, duck, happy
25050 is even, duck, sad
25052 is even, duck, palindromic, sad
25054 is even, duck, happy
25056 is even, duck, sad
25058 is even, duck, sad
25060 is even, duck, buzz, gapful, sad
25062 is even, duck, sad

Enter a request: > 0

Goodbye!
?[1;31m
Start test 41?[0m
Welcome to Amazing Numbers!

Supported requests:
- enter a natural number to know its properties;
- enter two natural numbers to obtain the properties of the list:
  * the first parameter represents a starting number;
  * the second parameter shows how many consecutive numbers are to be printed;
- two natural numbers and properties to search for;
- a property preceded by minus must not be present in numbers;
- separate the parameters with one space;
- enter 0 to exit.

Enter a request: > 30963 16 SAD

30963 is odd, duck, sad
30964 is even, duck, sad
30965 is odd, duck, sad
30966 is even, duck, sad
30967 is odd, duck, buzz, sad
30969 is odd, duck, sad
30971 is odd, duck, sad
30972 is even, duck, sad
30973 is odd, duck, sad
30974 is even, duck, gapful, sad
30975 is odd, duck, buzz, gapful, sunny, sad
30976 is even, duck, square, sad
30979 is odd, duck, sad
30980 is even, duck, sad
30981 is odd, duck, sad
30982 is even, duck, buzz, sad

Enter a request: > 0

Goodbye!
?[1;31m
Start test 42?[0m
Welcome to Amazing Numbers!

Supported requests:
- enter a natural number to know its properties;
- enter two natural numbers to obtain the properties of the list:
  * the first parameter represents a starting number;
  * the second parameter shows how many consecutive numbers are to be printed;
- two natural numbers and properties to search for;
- a property preceded by minus must not be present in numbers;
- separate the parameters with one space;
- enter 0 to exit.

Enter a request: > 16569 1 DUCK

16570 is even, duck, gapful, sad

Enter a request: > 0

Goodbye!
?[1;31m
Start test 43?[0m
Welcome to Amazing Numbers!

Supported requests:
- enter a natural number to know its properties;
- enter two natural numbers to obtain the properties of the list:
  * the first parameter represents a starting number;
  * the second parameter shows how many consecutive numbers are to be printed;
- two natural numbers and properties to search for;
- a property preceded by minus must not be present in numbers;
- separate the parameters with one space;
- enter 0 to exit.

Enter a request: > 24475 18 ODD

24475 is odd, gapful, sad
24477 is odd, buzz, sad
24479 is odd, buzz, sad
24481 is odd, sad
24483 is odd, happy
24485 is odd, sad
24487 is odd, buzz, sad
24489 is odd, sad
24491 is odd, sad
24493 is odd, buzz, sad
24495 is odd, sad
24497 is odd, buzz, sad
24499 is odd, sad
24501 is odd, duck, sad
24503 is odd, duck, sad
24505 is odd, duck, happy
24507 is odd, duck, buzz, happy
24509 is odd, duck, sad

Enter a request: > 0

Goodbye!
?[1;31m
Start test 44?[0m
Welcome to Amazing Numbers!

Supported requests:
- enter a natural number to know its properties;
- enter two natural numbers to obtain the properties of the list:
  * the first parameter represents a starting number;
  * the second parameter shows how many consecutive numbers are to be printed;
- two natural numbers and properties to search for;
- a property preceded by minus must not be present in numbers;
- separate the parameters with one space;
- enter 0 to exit.

Enter a request: > 7422 2 GAPFUL

7425 is odd, gapful, happy
7474 is even, gapful, happy

Enter a request: > 0

Goodbye!
?[1;31m
Start test 45?[0m
Welcome to Amazing Numbers!

Supported requests:
- enter a natural number to know its properties;
- enter two natural numbers to obtain the properties of the list:
  * the first parameter represents a starting number;
  * the second parameter shows how many consecutive numbers are to be printed;
- two natural numbers and properties to search for;
- a property preceded by minus must not be present in numbers;
- separate the parameters with one space;
- enter 0 to exit.

Enter a request: > 16568 20 GAPFUL

16570 is even, duck, gapful, sad
16572 is even, gapful, sad
16575 is odd, gapful, sad
16576 is even, buzz, gapful, sad
16578 is even, gapful, sad
16580 is even, duck, gapful, sad
16590 is even, duck, buzz, gapful, sad
16600 is even, duck, gapful, sad
16604 is even, duck, buzz, gapful, sad
16605 is odd, duck, gapful, sad
16610 is even, duck, gapful, sad
16620 is even, duck, gapful, sad
16621 is odd, gapful, sad
16630 is even, duck, gapful, happy
16632 is even, buzz, gapful, happy
16635 is odd, gapful, sad
16640 is even, duck, gapful, sunny, sad
16650 is even, duck, gapful, sad
16653 is odd, buzz, gapful, sad
16656 is even, gapful, sad

Enter a request: > 0

Goodbye!
?[1;31m
Start test 46?[0m
Welcome to Amazing Numbers!

Supported requests:
- enter a natural number to know its properties;
- enter two natural numbers to obtain the properties of the list:
  * the first parameter represents a starting number;
  * the second parameter shows how many consecutive numbers are to be printed;
- two natural numbers and properties to search for;
- a property preceded by minus must not be present in numbers;
- separate the parameters with one space;
- enter 0 to exit.

Enter a request: > 4913 5 SPY

11125 is odd, spy, happy
11133 is odd, spy, sad
11152 is even, spy, happy
11215 is odd, spy, happy
11222 is even, spy, sad

Enter a request: > 0

Goodbye!
?[1;31m
Start test 47?[0m
Welcome to Amazing Numbers!

Supported requests:
- enter a natural number to know its properties;
- enter two natural numbers to obtain the properties of the list:
  * the first parameter represents a starting number;
  * the second parameter shows how many consecutive numbers are to be printed;
- two natural numbers and properties to search for;
- a property preceded by minus must not be present in numbers;
- separate the parameters with one space;
- enter 0 to exit.

Enter a request: > 1 10 odd girl

The property [GIRL ] is wrong.
Available properties: [BUZZ, DUCK, PALINDROMIC, GAPFUL, SPY, SQUARE, SUNNY, EVEN, ODD, JUMPING, HAPPY, SAD]

Enter a request: > 0

Goodbye!
?[1;31m
Start test 48?[0m
Welcome to Amazing Numbers!

Supported requests:
- enter a natural number to know its properties;
- enter two natural numbers to obtain the properties of the list:
  * the first parameter represents a starting number;
  * the second parameter shows how many consecutive numbers are to be printed;
- two natural numbers and properties to search for;
- a property preceded by minus must not be present in numbers;
- separate the parameters with one space;
- enter 0 to exit.

Enter a request: > 40 2 even day

The property [DAY ] is wrong.
Available properties: [BUZZ, DUCK, PALINDROMIC, GAPFUL, SPY, SQUARE, SUNNY, EVEN, ODD, JUMPING, HAPPY, SAD]

Enter a request: > 0

Goodbye!
?[1;31m
Start test 49?[0m
Welcome to Amazing Numbers!

Supported requests:
- enter a natural number to know its properties;
- enter two natural numbers to obtain the properties of the list:
  * the first parameter represents a starting number;
  * the second parameter shows how many consecutive numbers are to be printed;
- two natural numbers and properties to search for;
- a property preceded by minus must not be present in numbers;
- separate the parameters with one space;
- enter 0 to exit.

Enter a request: > 37 4 spy 89

The property [89 ] is wrong.
Available properties: [BUZZ, DUCK, PALINDROMIC, GAPFUL, SPY, SQUARE, SUNNY, EVEN, ODD, JUMPING, HAPPY, SAD]

Enter a request: > 0

Goodbye!
?[1;31m
Start test 50?[0m
Welcome to Amazing Numbers!

Supported requests:
- enter a natural number to know its properties;
- enter two natural numbers to obtain the properties of the list:
  * the first parameter represents a starting number;
  * the second parameter shows how many consecutive numbers are to be printed;
- two natural numbers and properties to search for;
- a property preceded by minus must not be present in numbers;
- separate the parameters with one space;
- enter 0 to exit.

Enter a request: > 67 2 DUCK +

The property [+ ] is wrong.
Available properties: [BUZZ, DUCK, PALINDROMIC, GAPFUL, SPY, SQUARE, SUNNY, EVEN, ODD, JUMPING, HAPPY, SAD]

Enter a request: > 0

Goodbye!
?[1;31m
Start test 51?[0m
Welcome to Amazing Numbers!

Supported requests:
- enter a natural number to know its properties;
- enter two natural numbers to obtain the properties of the list:
  * the first parameter represents a starting number;
  * the second parameter shows how many consecutive numbers are to be printed;
- two natural numbers and properties to search for;
- a property preceded by minus must not be present in numbers;
- separate the parameters with one space;
- enter 0 to exit.

Enter a request: > 1 10 boy friend

The properties [BOY, FRIEND ] are wrong.
Available properties: [BUZZ, DUCK, PALINDROMIC, GAPFUL, SPY, SQUARE, SUNNY, EVEN, ODD, JUMPING, HAPPY, SAD]

Enter a request: > 0

Goodbye!
?[1;31m
Start test 52?[0m
Welcome to Amazing Numbers!

Supported requests:
- enter a natural number to know its properties;
- enter two natural numbers to obtain the properties of the list:
  * the first parameter represents a starting number;
  * the second parameter shows how many consecutive numbers are to be printed;
- two natural numbers and properties to search for;
- a property preceded by minus must not be present in numbers;
- separate the parameters with one space;
- enter 0 to exit.

Enter a request: > 40 2 long day

The properties [LONG, DAY ] are wrong.
Available properties: [BUZZ, DUCK, PALINDROMIC, GAPFUL, SPY, SQUARE, SUNNY, EVEN, ODD, JUMPING, HAPPY, SAD]

Enter a request: > 0

Goodbye!
?[1;31m
Start test 53?[0m
Welcome to Amazing Numbers!

Supported requests:
- enter a natural number to know its properties;
- enter two natural numbers to obtain the properties of the list:
  * the first parameter represents a starting number;
  * the second parameter shows how many consecutive numbers are to be printed;
- two natural numbers and properties to search for;
- a property preceded by minus must not be present in numbers;
- separate the parameters with one space;
- enter 0 to exit.

Enter a request: > 37 4 hot girl

The properties [HOT, GIRL ] are wrong.
Available properties: [BUZZ, DUCK, PALINDROMIC, GAPFUL, SPY, SQUARE, SUNNY, EVEN, ODD, JUMPING, HAPPY, SAD]

Enter a request: > 0

Goodbye!
?[1;31m
Start test 54?[0m
Welcome to Amazing Numbers!

Supported requests:
- enter a natural number to know its properties;
- enter two natural numbers to obtain the properties of the list:
  * the first parameter represents a starting number;
  * the second parameter shows how many consecutive numbers are to be printed;
- two natural numbers and properties to search for;
- a property preceded by minus must not be present in numbers;
- separate the parameters with one space;
- enter 0 to exit.

Enter a request: > 67 2 strong drake

The properties [STRONG, DRAKE ] are wrong.
Available properties: [BUZZ, DUCK, PALINDROMIC, GAPFUL, SPY, SQUARE, SUNNY, EVEN, ODD, JUMPING, HAPPY, SAD]

Enter a request: > 0

Goodbye!
?[1;31m
Start test 55?[0m
Welcome to Amazing Numbers!

Supported requests:
- enter a natural number to know its properties;
- enter two natural numbers to obtain the properties of the list:
  * the first parameter represents a starting number;
  * the second parameter shows how many consecutive numbers are to be printed;
- two natural numbers and properties to search for;
- a property preceded by minus must not be present in numbers;
- separate the parameters with one space;
- enter 0 to exit.

Enter a request: > 1 7 even spy

2 is even, palindromic, spy, jumping, sad
4 is even, palindromic, spy, square, jumping, sad
6 is even, palindromic, spy, jumping, sad
8 is even, palindromic, spy, sunny, jumping, sad
22 is even, palindromic, spy, sad
132 is even, gapful, spy, sad
312 is even, spy, sad

Enter a request: > 0

Goodbye!
?[1;31m
Start test 56?[0m
Welcome to Amazing Numbers!

Supported requests:
- enter a natural number to know its properties;
- enter two natural numbers to obtain the properties of the list:
  * the first parameter represents a starting number;
  * the second parameter shows how many consecutive numbers are to be printed;
- two natural numbers and properties to search for;
- a property preceded by minus must not be present in numbers;
- separate the parameters with one space;
- enter 0 to exit.

Enter a request: > 1 10 odd buzz

7 is odd, buzz, palindromic, spy, jumping, happy
17 is odd, buzz, sad
21 is odd, buzz, jumping, sad
27 is odd, buzz, sad
35 is odd, buzz, sunny, sad
37 is odd, buzz, sad
47 is odd, buzz, sad
49 is odd, buzz, square, happy
57 is odd, buzz, sad
63 is odd, buzz, sunny, sad

Enter a request: > 0

Goodbye!
?[1;31m
Start test 57?[0m
Welcome to Amazing Numbers!

Supported requests:
- enter a natural number to know its properties;
- enter two natural numbers to obtain the properties of the list:
  * the first parameter represents a starting number;
  * the second parameter shows how many consecutive numbers are to be printed;
- two natural numbers and properties to search for;
- a property preceded by minus must not be present in numbers;
- separate the parameters with one space;
- enter 0 to exit.

Enter a request: > 1 9 buzz gapful

105 is odd, duck, buzz, gapful, sad
140 is even, duck, buzz, gapful, sad
154 is even, buzz, gapful, sad
187 is odd, buzz, gapful, sad
231 is odd, buzz, gapful, spy, sad
280 is even, duck, buzz, gapful, happy
297 is odd, buzz, gapful, sad
315 is odd, buzz, gapful, sad
385 is odd, buzz, gapful, sad

Enter a request: > 0

Goodbye!
?[1;31m
Start test 58?[0m
Welcome to Amazing Numbers!

Supported requests:
- enter a natural number to know its properties;
- enter two natural numbers to obtain the properties of the list:
  * the first parameter represents a starting number;
  * the second parameter shows how many consecutive numbers are to be printed;
- two natural numbers and properties to search for;
- a property preceded by minus must not be present in numbers;
- separate the parameters with one space;
- enter 0 to exit.

Enter a request: > 1 10 spy buzz

7 is odd, buzz, palindromic, spy, jumping, happy
231 is odd, buzz, gapful, spy, sad
1421 is odd, buzz, spy, sad
2114 is even, buzz, spy, sad
15211 is odd, buzz, spy, happy
21511 is odd, buzz, spy, happy
22211 is odd, buzz, spy, sad
31311 is odd, buzz, spy, sad
51121 is odd, buzz, spy, happy
111216 is even, buzz, gapful, spy, happy

Enter a request: > 0

Goodbye!
?[1;31m
Start test 59?[0m
Welcome to Amazing Numbers!

Supported requests:
- enter a natural number to know its properties;
- enter two natural numbers to obtain the properties of the list:
  * the first parameter represents a starting number;
  * the second parameter shows how many consecutive numbers are to be printed;
- two natural numbers and properties to search for;
- a property preceded by minus must not be present in numbers;
- separate the parameters with one space;
- enter 0 to exit.

Enter a request: > 100000 2 even spy

111126 is even, spy, happy
111162 is even, spy, happy

Enter a request: > 0

Goodbye!
?[1;31m
Start test 60?[0m
Welcome to Amazing Numbers!

Supported requests:
- enter a natural number to know its properties;
- enter two natural numbers to obtain the properties of the list:
  * the first parameter represents a starting number;
  * the second parameter shows how many consecutive numbers are to be printed;
- two natural numbers and properties to search for;
- a property preceded by minus must not be present in numbers;
- separate the parameters with one space;
- enter 0 to exit.

Enter a request: > 100 4 odd gapful

105 is odd, duck, buzz, gapful, sad
121 is odd, palindromic, gapful, square, jumping, sad
135 is odd, gapful, sad
143 is odd, gapful, sunny, sad

Enter a request: > 0

Goodbye!
?[1;31m
Start test 61?[0m
Welcome to Amazing Numbers!

Supported requests:
- enter a natural number to know its properties;
- enter two natural numbers to obtain the properties of the list:
  * the first parameter represents a starting number;
  * the second parameter shows how many consecutive numbers are to be printed;
- two natural numbers and properties to search for;
- a property preceded by minus must not be present in numbers;
- separate the parameters with one space;
- enter 0 to exit.

Enter a request: > 2000 4 palindromic duck

2002 is even, duck, buzz, palindromic, gapful, sad
3003 is odd, duck, buzz, palindromic, gapful, sad
4004 is even, duck, buzz, palindromic, gapful, happy
5005 is odd, duck, buzz, palindromic, gapful, sad

Enter a request: > 0

Goodbye!
?[1;31m
Start test 62?[0m
Welcome to Amazing Numbers!

Supported requests:
- enter a natural number to know its properties;
- enter two natural numbers to obtain the properties of the list:
  * the first parameter represents a starting number;
  * the second parameter shows how many consecutive numbers are to be printed;
- two natural numbers and properties to search for;
- a property preceded by minus must not be present in numbers;
- separate the parameters with one space;
- enter 0 to exit.

Enter a request: > 26534 3 buzz evens palindromic

The property [EVENS ] is wrong.
Available properties: [BUZZ, DUCK, PALINDROMIC, GAPFUL, SPY, SQUARE, SUNNY, EVEN, ODD, JUMPING, HAPPY, SAD]

Enter a request: > 0

Goodbye!
?[1;31m
Start test 63?[0m
Welcome to Amazing Numbers!

Supported requests:
- enter a natural number to know its properties;
- enter two natural numbers to obtain the properties of the list:
  * the first parameter represents a starting number;
  * the second parameter shows how many consecutive numbers are to be printed;
- two natural numbers and properties to search for;
- a property preceded by minus must not be present in numbers;
- separate the parameters with one space;
- enter 0 to exit.

Enter a request: > 4384 2 odd -buzz -palindromic shiny gapful

The property [SHINY ] is wrong.
Available properties: [BUZZ, DUCK, PALINDROMIC, GAPFUL, SPY, SQUARE, SUNNY, EVEN, ODD, JUMPING, HAPPY, SAD]

Enter a request: > 0

Goodbye!
?[1;31m
Start test 64?[0m
Welcome to Amazing Numbers!

Supported requests:
- enter a natural number to know its properties;
- enter two natural numbers to obtain the properties of the list:
  * the first parameter represents a starting number;
  * the second parameter shows how many consecutive numbers are to be printed;
- two natural numbers and properties to search for;
- a property preceded by minus must not be present in numbers;
- separate the parameters with one space;
- enter 0 to exit.

Enter a request: > 1 7 hot sunny odd odd -even

The property [HOT ] is wrong.
Available properties: [BUZZ, DUCK, PALINDROMIC, GAPFUL, SPY, SQUARE, SUNNY, EVEN, ODD, JUMPING, HAPPY, SAD]

Enter a request: > 0

Goodbye!
?[1;31m
Start test 65?[0m
Welcome to Amazing Numbers!

Supported requests:
- enter a natural number to know its properties;
- enter two natural numbers to obtain the properties of the list:
  * the first parameter represents a starting number;
  * the second parameter shows how many consecutive numbers are to be printed;
- two natural numbers and properties to search for;
- a property preceded by minus must not be present in numbers;
- separate the parameters with one space;
- enter 0 to exit.

Enter a request: > 78343 4 sunny -duck mac odd

The property [MAC ] is wrong.
Available properties: [BUZZ, DUCK, PALINDROMIC, GAPFUL, SPY, SQUARE, SUNNY, EVEN, ODD, JUMPING, HAPPY, SAD]

Enter a request: > 0

Goodbye!
?[1;31m
Start test 66?[0m
Welcome to Amazing Numbers!

Supported requests:
- enter a natural number to know its properties;
- enter two natural numbers to obtain the properties of the list:
  * the first parameter represents a starting number;
  * the second parameter shows how many consecutive numbers are to be printed;
- two natural numbers and properties to search for;
- a property preceded by minus must not be present in numbers;
- separate the parameters with one space;
- enter 0 to exit.

Enter a request: > 3 4 -even -sunny -hot

The property [-HOT ] is wrong.
Available properties: [BUZZ, DUCK, PALINDROMIC, GAPFUL, SPY, SQUARE, SUNNY, EVEN, ODD, JUMPING, HAPPY, SAD]

Enter a request: > 0

Goodbye!
?[1;31m
Start test 67?[0m
Welcome to Amazing Numbers!

Supported requests:
- enter a natural number to know its properties;
- enter two natural numbers to obtain the properties of the list:
  * the first parameter represents a starting number;
  * the second parameter shows how many consecutive numbers are to be printed;
- two natural numbers and properties to search for;
- a property preceded by minus must not be present in numbers;
- separate the parameters with one space;
- enter 0 to exit.

Enter a request: > 1 7 odd spy palindromic

1 is odd, palindromic, spy, square, jumping, happy
3 is odd, palindromic, spy, sunny, jumping, sad
5 is odd, palindromic, spy, jumping, sad
7 is odd, buzz, palindromic, spy, jumping, happy
9 is odd, palindromic, spy, square, jumping, sad
12221 is odd, palindromic, gapful, spy, sad
13131 is odd, palindromic, spy, sad

Enter a request: > 0

Goodbye!
?[1;31m
Start test 68?[0m
Welcome to Amazing Numbers!

Supported requests:
- enter a natural number to know its properties;
- enter two natural numbers to obtain the properties of the list:
  * the first parameter represents a starting number;
  * the second parameter shows how many consecutive numbers are to be printed;
- two natural numbers and properties to search for;
- a property preceded by minus must not be present in numbers;
- separate the parameters with one space;
- enter 0 to exit.

Enter a request: > 1 10 even palindromic duck buzz

2002 is even, duck, buzz, palindromic, gapful, sad
4004 is even, duck, buzz, palindromic, gapful, happy
6006 is even, duck, buzz, palindromic, gapful, sad
8008 is even, duck, buzz, palindromic, gapful, sad
20202 is even, duck, buzz, palindromic, sad
20902 is even, duck, buzz, palindromic, sad
22022 is even, duck, buzz, palindromic, gapful, sad
29092 is even, duck, buzz, palindromic, sad
40404 is even, duck, buzz, palindromic, sad
44044 is even, duck, buzz, palindromic, gapful, sad

Enter a request: > 0

Goodbye!
?[1;31m
Start test 69?[0m
Welcome to Amazing Numbers!

Supported requests:
- enter a natural number to know its properties;
- enter two natural numbers to obtain the properties of the list:
  * the first parameter represents a starting number;
  * the second parameter shows how many consecutive numbers are to be printed;
- two natural numbers and properties to search for;
- a property preceded by minus must not be present in numbers;
- separate the parameters with one space;
- enter 0 to exit.

Enter a request: > 1 9 even palindromic duck buzz gapful

2002 is even, duck, buzz, palindromic, gapful, sad
4004 is even, duck, buzz, palindromic, gapful, happy
6006 is even, duck, buzz, palindromic, gapful, sad
8008 is even, duck, buzz, palindromic, gapful, sad
22022 is even, duck, buzz, palindromic, gapful, sad
44044 is even, duck, buzz, palindromic, gapful, sad
66066 is even, duck, buzz, palindromic, gapful, sad
88088 is even, duck, buzz, palindromic, gapful, sad
202202 is even, duck, buzz, palindromic, gapful, sad

Enter a request: > 0

Goodbye!
?[1;31m
Start test 70?[0m
Welcome to Amazing Numbers!

Supported requests:
- enter a natural number to know its properties;
- enter two natural numbers to obtain the properties of the list:
  * the first parameter represents a starting number;
  * the second parameter shows how many consecutive numbers are to be printed;
- two natural numbers and properties to search for;
- a property preceded by minus must not be present in numbers;
- separate the parameters with one space;
- enter 0 to exit.

Enter a request: > 1 10 even sunny duck buzz gapful

1680 is even, duck, buzz, gapful, sunny, sad
4760 is even, duck, buzz, gapful, sunny, sad
9408 is even, duck, buzz, gapful, sunny, sad
12320 is even, duck, buzz, gapful, sunny, sad
19320 is even, duck, buzz, gapful, sunny, sad
19880 is even, duck, buzz, gapful, sunny, sad
23408 is even, duck, buzz, gapful, sunny, sad
24024 is even, duck, buzz, gapful, sunny, sad
28560 is even, duck, buzz, gapful, sunny, happy
32760 is even, duck, buzz, gapful, sunny, sad

Enter a request: > 0

Goodbye!
?[1;31m
Start test 71?[0m
Welcome to Amazing Numbers!

Supported requests:
- enter a natural number to know its properties;
- enter two natural numbers to obtain the properties of the list:
  * the first parameter represents a starting number;
  * the second parameter shows how many consecutive numbers are to be printed;
- two natural numbers and properties to search for;
- a property preceded by minus must not be present in numbers;
- separate the parameters with one space;
- enter 0 to exit.

Enter a request: > 100000 2 even spy buzz gapful

111216 is even, buzz, gapful, spy, happy
161112 is even, buzz, gapful, spy, happy

Enter a request: > 0

Goodbye!
?[1;31m
Start test 72?[0m
Welcome to Amazing Numbers!

Supported requests:
- enter a natural number to know its properties;
- enter two natural numbers to obtain the properties of the list:
  * the first parameter represents a starting number;
  * the second parameter shows how many consecutive numbers are to be printed;
- two natural numbers and properties to search for;
- a property preceded by minus must not be present in numbers;
- separate the parameters with one space;
- enter 0 to exit.

Enter a request: > 100 4 odd spy gapful

231 is odd, buzz, gapful, spy, sad
12221 is odd, palindromic, gapful, spy, sad
216111 is odd, buzz, gapful, spy, happy
1111341 is odd, buzz, gapful, spy, sad

Enter a request: > 0

Goodbye!
?[1;31m
Start test 73?[0m
Welcome to Amazing Numbers!

Supported requests:
- enter a natural number to know its properties;
- enter two natural numbers to obtain the properties of the list:
  * the first parameter represents a starting number;
  * the second parameter shows how many consecutive numbers are to be printed;
- two natural numbers and properties to search for;
- a property preceded by minus must not be present in numbers;
- separate the parameters with one space;
- enter 0 to exit.

Enter a request: > 2000 4 even palindromic duck

2002 is even, duck, buzz, palindromic, gapful, sad
4004 is even, duck, buzz, palindromic, gapful, happy
6006 is even, duck, buzz, palindromic, gapful, sad
8008 is even, duck, buzz, palindromic, gapful, sad

Enter a request: > 0

Goodbye!
?[1;31m
Start test 74?[0m
Welcome to Amazing Numbers!

Supported requests:
- enter a natural number to know its properties;
- enter two natural numbers to obtain the properties of the list:
  * the first parameter represents a starting number;
  * the second parameter shows how many consecutive numbers are to be printed;
- two natural numbers and properties to search for;
- a property preceded by minus must not be present in numbers;
- separate the parameters with one space;
- enter 0 to exit.

Enter a request: > 1 15 odd spy -duck spy buzz

7 is odd, buzz, palindromic, spy, jumping, happy
231 is odd, buzz, gapful, spy, sad
1421 is odd, buzz, spy, sad
15211 is odd, buzz, spy, happy
21511 is odd, buzz, spy, happy
22211 is odd, buzz, spy, sad
31311 is odd, buzz, spy, sad
51121 is odd, buzz, spy, happy
112161 is odd, buzz, spy, happy
121611 is odd, buzz, spy, happy
216111 is odd, buzz, gapful, spy, happy
611121 is odd, buzz, spy, happy
1111127 is odd, buzz, spy, sad
1111217 is odd, buzz, spy, sad
1111271 is odd, buzz, spy, sad

Enter a request: > 0

Goodbye!
?[1;31m
Start test 75?[0m
Welcome to Amazing Numbers!

Supported requests:
- enter a natural number to know its properties;
- enter two natural numbers to obtain the properties of the list:
  * the first parameter represents a starting number;
  * the second parameter shows how many consecutive numbers are to be printed;
- two natural numbers and properties to search for;
- a property preceded by minus must not be present in numbers;
- separate the parameters with one space;
- enter 0 to exit.

Enter a request: > 1 2 jumping happy -spy

10 is even, duck, jumping, happy
23 is odd, jumping, happy

Enter a request: > 0

Goodbye!
?[1;31m
Start test 76?[0m
Welcome to Amazing Numbers!

Supported requests:
- enter a natural number to know its properties;
- enter two natural numbers to obtain the properties of the list:
  * the first parameter represents a starting number;
  * the second parameter shows how many consecutive numbers are to be printed;
- two natural numbers and properties to search for;
- a property preceded by minus must not be present in numbers;
- separate the parameters with one space;
- enter 0 to exit.

Enter a request: > 5 1 odd even
The request contains mutually exclusive properties: [ODD, EVEN]
There are no numbers with these properties.
Enter a request: > 0

Goodbye!
?[1;31m
Start test 77?[0m
Welcome to Amazing Numbers!

Supported requests:
- enter a natural number to know its properties;
- enter two natural numbers to obtain the properties of the list:
  * the first parameter represents a starting number;
  * the second parameter shows how many consecutive numbers are to be printed;
- two natural numbers and properties to search for;
- a property preceded by minus must not be present in numbers;
- separate the parameters with one space;
- enter 0 to exit.

Enter a request: > 4 3 even odd
The request contains mutually exclusive properties: [ODD, EVEN]
There are no numbers with these properties.
Enter a request: > 0

Goodbye!
?[1;31m
Start test 78?[0m
Welcome to Amazing Numbers!

Supported requests:
- enter a natural number to know its properties;
- enter two natural numbers to obtain the properties of the list:
  * the first parameter represents a starting number;
  * the second parameter shows how many consecutive numbers are to be printed;
- two natural numbers and properties to search for;
- a property preceded by minus must not be present in numbers;
- separate the parameters with one space;
- enter 0 to exit.

Enter a request: > 32 2 sunny square
The request contains mutually exclusive properties: [SQUARE, SUNNY]
There are no numbers with these properties.
Enter a request: > 0

Goodbye!
?[1;31m
Start test 79?[0m
Welcome to Amazing Numbers!

Supported requests:
- enter a natural number to know its properties;
- enter two natural numbers to obtain the properties of the list:
  * the first parameter represents a starting number;
  * the second parameter shows how many consecutive numbers are to be printed;
- two natural numbers and properties to search for;
- a property preceded by minus must not be present in numbers;
- separate the parameters with one space;
- enter 0 to exit.

Enter a request: > 3153 2 spy duck
The request contains mutually exclusive properties: [DUCK, SPY]
There are no numbers with these properties.
Enter a request: > 0

Goodbye!
?[1;31m
Start test 80?[0m
Welcome to Amazing Numbers!

Supported requests:
- enter a natural number to know its properties;
- enter two natural numbers to obtain the properties of the list:
  * the first parameter represents a starting number;
  * the second parameter shows how many consecutive numbers are to be printed;
- two natural numbers and properties to search for;
- a property preceded by minus must not be present in numbers;
- separate the parameters with one space;
- enter 0 to exit.

Enter a request: > 6 7 duck spy
The request contains mutually exclusive properties: [DUCK, SPY]
There are no numbers with these properties.
Enter a request: > 0

Goodbye!
?[1;31m
Start test 81?[0m
Welcome to Amazing Numbers!

Supported requests:
- enter a natural number to know its properties;
- enter two natural numbers to obtain the properties of the list:
  * the first parameter represents a starting number;
  * the second parameter shows how many consecutive numbers are to be printed;
- two natural numbers and properties to search for;
- a property preceded by minus must not be present in numbers;
- separate the parameters with one space;
- enter 0 to exit.

Enter a request: > 1 2 spy odd sunny even
The request contains mutually exclusive properties: [ODD, EVEN]
There are no numbers with these properties.
Enter a request: > 0

Goodbye!
?[1;31m
Start test 82?[0m
Welcome to Amazing Numbers!

Supported requests:
- enter a natural number to know its properties;
- enter two natural numbers to obtain the properties of the list:
  * the first parameter represents a starting number;
  * the second parameter shows how many consecutive numbers are to be printed;
- two natural numbers and properties to search for;
- a property preceded by minus must not be present in numbers;
- separate the parameters with one space;
- enter 0 to exit.

Enter a request: > 7 2 sunny even duck buzz square
The request contains mutually exclusive properties: [SQUARE, SUNNY]
There are no numbers with these properties.
Enter a request: > 0

Goodbye!
?[1;31m
Start test 83?[0m
Welcome to Amazing Numbers!

Supported requests:
- enter a natural number to know its properties;
- enter two natural numbers to obtain the properties of the list:
  * the first parameter represents a starting number;
  * the second parameter shows how many consecutive numbers are to be printed;
- two natural numbers and properties to search for;
- a property preceded by minus must not be present in numbers;
- separate the parameters with one space;
- enter 0 to exit.

Enter a request: > 9 5 even spy buzz duck
The request contains mutually exclusive properties: [DUCK, SPY]
There are no numbers with these properties.
Enter a request: > 0

Goodbye!
?[1;31m
Start test 84?[0m
Welcome to Amazing Numbers!

Supported requests:
- enter a natural number to know its properties;
- enter two natural numbers to obtain the properties of the list:
  * the first parameter represents a starting number;
  * the second parameter shows how many consecutive numbers are to be printed;
- two natural numbers and properties to search for;
- a property preceded by minus must not be present in numbers;
- separate the parameters with one space;
- enter 0 to exit.

Enter a request: > 6 6 -odd -even
The request contains mutually exclusive properties: [-ODD, -EVEN]
There are no numbers with these properties.
Enter a request: > 0

Goodbye!
?[1;31m
Start test 85?[0m
Welcome to Amazing Numbers!

Supported requests:
- enter a natural number to know its properties;
- enter two natural numbers to obtain the properties of the list:
  * the first parameter represents a starting number;
  * the second parameter shows how many consecutive numbers are to be printed;
- two natural numbers and properties to search for;
- a property preceded by minus must not be present in numbers;
- separate the parameters with one space;
- enter 0 to exit.

Enter a request: > 6 7 odd -odd
The request contains mutually exclusive properties: [ODD, -ODD]
There are no numbers with these properties.
Enter a request: > 0

Goodbye!
?[1;31m
Start test 86?[0m
Welcome to Amazing Numbers!

Supported requests:
- enter a natural number to know its properties;
- enter two natural numbers to obtain the properties of the list:
  * the first parameter represents a starting number;
  * the second parameter shows how many consecutive numbers are to be printed;
- two natural numbers and properties to search for;
- a property preceded by minus must not be present in numbers;
- separate the parameters with one space;
- enter 0 to exit.

Enter a request: > 8 1 -even even
The request contains mutually exclusive properties: [EVEN, -EVEN]
There are no numbers with these properties.
Enter a request: > 0

Goodbye!
?[1;31m
Start test 87?[0m
Welcome to Amazing Numbers!

Supported requests:
- enter a natural number to know its properties;
- enter two natural numbers to obtain the properties of the list:
  * the first parameter represents a starting number;
  * the second parameter shows how many consecutive numbers are to be printed;
- two natural numbers and properties to search for;
- a property preceded by minus must not be present in numbers;
- separate the parameters with one space;
- enter 0 to exit.

Enter a request: > 3 5 odd duck buzz -duck sunny
The request contains mutually exclusive properties: [DUCK, -DUCK]
There are no numbers with these properties.
Enter a request: > 0

Goodbye!
?[1;31m
Start test 88?[0m
Welcome to Amazing Numbers!

Supported requests:
- enter a natural number to know its properties;
- enter two natural numbers to obtain the properties of the list:
  * the first parameter represents a starting number;
  * the second parameter shows how many consecutive numbers are to be printed;
- two natural numbers and properties to search for;
- a property preceded by minus must not be present in numbers;
- separate the parameters with one space;
- enter 0 to exit.

Enter a request: > 1 15 -EVEN

1 is odd, palindromic, spy, square, jumping, happy
3 is odd, palindromic, spy, sunny, jumping, sad
5 is odd, palindromic, spy, jumping, sad
7 is odd, buzz, palindromic, spy, jumping, happy
9 is odd, palindromic, spy, square, jumping, sad
11 is odd, palindromic, sad
13 is odd, happy
15 is odd, sunny, sad
17 is odd, buzz, sad
19 is odd, happy
21 is odd, buzz, jumping, sad
23 is odd, jumping, happy
25 is odd, square, sad
27 is odd, buzz, sad
29 is odd, sad

Enter a request: > 1 15 -ODD

2 is even, palindromic, spy, jumping, sad
4 is even, palindromic, spy, square, jumping, sad
6 is even, palindromic, spy, jumping, sad
8 is even, palindromic, spy, sunny, jumping, sad
10 is even, duck, jumping, happy
12 is even, jumping, sad
14 is even, buzz, sad
16 is even, square, sad
18 is even, sad
20 is even, duck, sad
22 is even, palindromic, spy, sad
24 is even, sunny, sad
26 is even, sad
28 is even, buzz, happy
30 is even, duck, sad

Enter a request: > 1 15 -BUZZ

1 is odd, palindromic, spy, square, jumping, happy
2 is even, palindromic, spy, jumping, sad
3 is odd, palindromic, spy, sunny, jumping, sad
4 is even, palindromic, spy, square, jumping, sad
5 is odd, palindromic, spy, jumping, sad
6 is even, palindromic, spy, jumping, sad
8 is even, palindromic, spy, sunny, jumping, sad
9 is odd, palindromic, spy, square, jumping, sad
10 is even, duck, jumping, happy
11 is odd, palindromic, sad
12 is even, jumping, sad
13 is odd, happy
15 is odd, sunny, sad
16 is even, square, sad
18 is even, sad

Enter a request: > 1 15 -DUCK

1 is odd, palindromic, spy, square, jumping, happy
2 is even, palindromic, spy, jumping, sad
3 is odd, palindromic, spy, sunny, jumping, sad
4 is even, palindromic, spy, square, jumping, sad
5 is odd, palindromic, spy, jumping, sad
6 is even, palindromic, spy, jumping, sad
7 is odd, buzz, palindromic, spy, jumping, happy
8 is even, palindromic, spy, sunny, jumping, sad
9 is odd, palindromic, spy, square, jumping, sad
11 is odd, palindromic, sad
12 is even, jumping, sad
13 is odd, happy
14 is even, buzz, sad
15 is odd, sunny, sad
16 is even, square, sad

Enter a request: > 1 15 -PALINDROMIC

10 is even, duck, jumping, happy
12 is even, jumping, sad
13 is odd, happy
14 is even, buzz, sad
15 is odd, sunny, sad
16 is even, square, sad
17 is odd, buzz, sad
18 is even, sad
19 is odd, happy
20 is even, duck, sad
21 is odd, buzz, jumping, sad
23 is odd, jumping, happy
24 is even, sunny, sad
25 is odd, square, sad
26 is even, sad

Enter a request: > 1 15 -GAPFUL

1 is odd, palindromic, spy, square, jumping, happy
2 is even, palindromic, spy, jumping, sad
3 is odd, palindromic, spy, sunny, jumping, sad
4 is even, palindromic, spy, square, jumping, sad
5 is odd, palindromic, spy, jumping, sad
6 is even, palindromic, spy, jumping, sad
7 is odd, buzz, palindromic, spy, jumping, happy
8 is even, palindromic, spy, sunny, jumping, sad
9 is odd, palindromic, spy, square, jumping, sad
10 is even, duck, jumping, happy
11 is odd, palindromic, sad
12 is even, jumping, sad
13 is odd, happy
14 is even, buzz, sad
15 is odd, sunny, sad

Enter a request: > 1 15 -SPY

10 is even, duck, jumping, happy
11 is odd, palindromic, sad
12 is even, jumping, sad
13 is odd, happy
14 is even, buzz, sad
15 is odd, sunny, sad
16 is even, square, sad
17 is odd, buzz, sad
18 is even, sad
19 is odd, happy
20 is even, duck, sad
21 is odd, buzz, jumping, sad
23 is odd, jumping, happy
24 is even, sunny, sad
25 is odd, square, sad

Enter a request: > 1 15 -SQUARE

2 is even, palindromic, spy, jumping, sad
3 is odd, palindromic, spy, sunny, jumping, sad
5 is odd, palindromic, spy, jumping, sad
6 is even, palindromic, spy, jumping, sad
7 is odd, buzz, palindromic, spy, jumping, happy
8 is even, palindromic, spy, sunny, jumping, sad
10 is even, duck, jumping, happy
11 is odd, palindromic, sad
12 is even, jumping, sad
13 is odd, happy
14 is even, buzz, sad
15 is odd, sunny, sad
17 is odd, buzz, sad
18 is even, sad
19 is odd, happy

Enter a request: > 1 15 -SUNNY

1 is odd, palindromic, spy, square, jumping, happy
2 is even, palindromic, spy, jumping, sad
4 is even, palindromic, spy, square, jumping, sad
5 is odd, palindromic, spy, jumping, sad
6 is even, palindromic, spy, jumping, sad
7 is odd, buzz, palindromic, spy, jumping, happy
9 is odd, palindromic, spy, square, jumping, sad
10 is even, duck, jumping, happy
11 is odd, palindromic, sad
12 is even, jumping, sad
13 is odd, happy
14 is even, buzz, sad
16 is even, square, sad
17 is odd, buzz, sad
18 is even, sad

Enter a request: > 1 15 -JUMPING

11 is odd, palindromic, sad
13 is odd, happy
14 is even, buzz, sad
15 is odd, sunny, sad
16 is even, square, sad
17 is odd, buzz, sad
18 is even, sad
19 is odd, happy
20 is even, duck, sad
22 is even, palindromic, spy, sad
24 is even, sunny, sad
25 is odd, square, sad
26 is even, sad
27 is odd, buzz, sad
28 is even, buzz, happy

Enter a request: > 1 15 -HAPPY

2 is even, palindromic, spy, jumping, sad
3 is odd, palindromic, spy, sunny, jumping, sad
4 is even, palindromic, spy, square, jumping, sad
5 is odd, palindromic, spy, jumping, sad
6 is even, palindromic, spy, jumping, sad
8 is even, palindromic, spy, sunny, jumping, sad
9 is odd, palindromic, spy, square, jumping, sad
11 is odd, palindromic, sad
12 is even, jumping, sad
14 is even, buzz, sad
15 is odd, sunny, sad
16 is even, square, sad
17 is odd, buzz, sad
18 is even, sad
20 is even, duck, sad

Enter a request: > 1 15 -SAD

1 is odd, palindromic, spy, square, jumping, happy
7 is odd, buzz, palindromic, spy, jumping, happy
10 is even, duck, jumping, happy
13 is odd, happy
19 is odd, happy
23 is odd, jumping, happy
28 is even, buzz, happy
31 is odd, happy
32 is even, jumping, happy
44 is even, palindromic, happy
49 is odd, buzz, square, happy
68 is even, happy
70 is even, duck, buzz, happy
79 is odd, happy
82 is even, happy

Enter a request: > 0

Goodbye!
]]></system-out>
  <system-err><![CDATA[]]></system-err>
</testsuite>
